
NOTICE:  8 GB DDR4, 64-bit, CL=15, ECC on
NOTICE:  BL2: v2.10.0	(release):lf-6.6.52-2.2.0-dirty
NOTICE:  BL2: Built : 08:52:12, Nov  4 2024
NOTICE:  BL2: Booting BL31
NOTICE:  BL31: v2.10.0	(release):lf-6.6.52-2.2.0-dirty
NOTICE:  BL31: Built : 08:52:12, Nov  4 2024
NOTICE:  Welcome to ls1046afrwy BL31 Phase


U-Boot 2024.04+fsl+g6c4545203d1+p0 (Nov 15 2024 - 04:02:13 +0000)

SoC:  LS1046A Rev1.0 (0x87070110)
Clock Configuration:
       CPU0(A72):1600 MHz  CPU1(A72):1600 MHz  CPU2(A72):1600 MHz  
       CPU3(A72):1600 MHz  
       Bus:      600  MHz  DDR:      2100 MT/s  FMAN:     700  MHz
Reset Configuration Word (RCW):
       00000000: 0c150010 0e000000 00000000 00000000
       00000010: 13330000 40300012 40025000 c1000000
       00000020: 00000000 00000000 00000000 00038878
       00000030: 20044100 24061000 00000096 00000001
Model: LS1046A FRWY Board
Board: LS1046AFRWY, Rev: B, boot from QSPI
SD1_CLK1 = 100.00MHZ, SD1_CLK2 = 100.00MHZ
DRAM:  7.9 GiB (DDR4, 64-bit, CL=15, ECC on)
Core:  41 devices, 17 uclasses, devicetree: separate
WDT:   Started watchdog with servicing every 30000ms (127s timeout)
Using SERDES1 Protocol: 4915 (0x1333)
Using SERDES2 Protocol: 0 (0x0)
SERDES2[PRTCL] = 0x0 is not valid
MMC:   FSL_SDHC: 0
Loading Environment from SPIFlash... SF: Detected mt25qu512a with page size 256 Bytes, erase size 64 KiB, total 64 MiB
OK
EEPROM: CCID
In:    serial@21c0500
Out:   serial@21c0500
Err:   serial@21c0500
SEC0:  RNG instantiated
CLU: DEV1: design_id change [5395ABP1] -> [DV1_V3.3]
CLU: DEV1: design: [DV1_V3.3] | PLL Status - Locked
CLU: DEV2: design_id change [5395ABP1] -> [DV2_V3.3]
CLU: DEV2: design: [DV2_V3.3] | PLL Status - Locked
Switch configured
FPGA configured
Warning: system will reset now for reconfiguration

NOTICE:  8 GB DDR4, 64-bit, CL=15, ECC on
NOTICE:  BL2: v2.10.0	(release):lf-6.6.52-2.2.0-dirty
NOTICE:  BL2: Built : 08:52:12, Nov  4 2024
NOTICE:  BL2: Booting BL31
NOTICE:  BL31: v2.10.0	(release):lf-6.6.52-2.2.0-dirty
NOTICE:  BL31: Built : 08:52:12, Nov  4 2024
NOTICE:  Welcome to ls1046afrwy BL31 Phase


U-Boot 2024.04+fsl+g6c4545203d1+p0 (Nov 15 2024 - 04:02:13 +0000)

SoC:  LS1046A Rev1.0 (0x87070110)
Clock Configuration:
       CPU0(A72):1600 MHz  CPU1(A72):1600 MHz  CPU2(A72):1600 MHz  
       CPU3(A72):1600 MHz  
       Bus:      600  MHz  DDR:      2100 MT/s  FMAN:     700  MHz
Reset Configuration Word (RCW):
       00000000: 0c150010 0e000000 00000000 00000000
       00000010: 13330000 40300012 40025000 c1000000
       00000020: 00000000 00000000 00000000 00038878
       00000030: 20044100 24061000 00000096 00000001
Model: LS1046A FRWY Board
Board: LS1046AFRWY, Rev: B, boot from QSPI
SD1_CLK1 = 100.00MHZ, SD1_CLK2 = 100.00MHZ
DRAM:  7.9 GiB (DDR4, 64-bit, CL=15, ECC on)
Core:  41 devices, 17 uclasses, devicetree: separate
WDT:   Started watchdog with servicing every 30000ms (127s timeout)
Using SERDES1 Protocol: 4915 (0x1333)
Using SERDES2 Protocol: 0 (0x0)
SERDES2[PRTCL] = 0x0 is not valid
MMC:   FSL_SDHC: 0
Loading Environment from SPIFlash... SF: Detected mt25qu512a with page size 256 Bytes, erase size 64 KiB, total 64 MiB
OK
EEPROM: CCID
In:    serial@21c0500
Out:   serial@21c0500
Err:   serial@21c0500
SEC0:  RNG instantiated
CLU: DEV1: design: [DV1_V3.3] | PLL Status - Locked
CLU: DEV2: design: [DV2_V3.3] | PLL Status - Locked
Switch ready
FPGA ready
Net:   Fman1: Uploading microcode version 106.4.18
eth0: fm1-mac5
Hit any key to stop autoboot:  5 
[TX] 
 0 
=> 
[TX] 

=> 
[TX] gpio clear 27
gpio clear 27
gpio: pin 27 (gpio 27) value is 0
=> 
[TX] mac read
mac read
=> 
[TX] mac id
mac id
=> 
[TX] mac ports 4
mac ports 4
=> 
[TX] mac 0 70:B3:D5:97:07:D8
mac 0 70:B3:D5:97:07:D8
=> 
[TX] mac 1 00:04:9F:08:44:A2
mac 1 00:04:9F:08:44:A2
=> 
[TX] mac 2 00:04:9F:08:44:A3
mac 2 00:04:9F:08:44:A3
=> 
[TX] mac 3 00:04:9F:08:44:A4
mac 3 00:04:9F:08:44:A4
=> 
[TX] mac save
mac save
Programming passed.
=> 